<?xml version="1.0" encoding="UTF-8"?>
<testng-results skipped="0" failed="0" ignored="0" total="1" passed="1">
  <reporter-output>
  </reporter-output>
  <suite name="Default suite" duration-ms="13298" started-at="2020-09-25T14:56:37Z" finished-at="2020-09-25T14:56:50Z">
    <groups>
    </groups>
    <test name="Default test" duration-ms="13298" started-at="2020-09-25T14:56:37Z" finished-at="2020-09-25T14:56:50Z">
      <class name="tests.TESTSampleFramework">
        <test-method status="PASS" signature="openBrowser()[pri:0, instance:tests.TESTSampleFramework@78e67e0a]" name="openBrowser" is-config="true" duration-ms="9367" started-at="2020-09-25T14:56:37Z" finished-at="2020-09-25T14:56:46Z">
          <reporter-output>
          </reporter-output>
        </test-method> <!-- openBrowser -->
        <test-method status="PASS" signature="submit()[pri:0, instance:tests.TESTSampleFramework@78e67e0a]" name="submit" duration-ms="3805" started-at="2020-09-25T14:56:46Z" finished-at="2020-09-25T14:56:50Z">
          <reporter-output>
          </reporter-output>
        </test-method> <!-- submit -->
        <test-method status="PASS" signature="closeBrowser()[pri:0, instance:tests.TESTSampleFramework@78e67e0a]" name="closeBrowser" is-config="true" duration-ms="0" started-at="2020-09-25T14:56:50Z" finished-at="2020-09-25T14:56:50Z">
          <reporter-output>
          </reporter-output>
        </test-method> <!-- closeBrowser -->
      </class> <!-- tests.TESTSampleFramework -->
    </test> <!-- Default test -->
  </suite> <!-- Default suite -->
</testng-results>
